At time 3 process 1 arrived arr  3 total 4 remain 4 wait 0
At time 3 process 1 started arr  3 total 4 remain 4 wait 0
At time 7 process 1 finished arr  3 total 4 remain 0 wait 0  TA 4 WTA 1.00
At time 10 process 2 arrived arr  10 total 28 remain 28 wait 0
At time 10 process 3 arrived arr  10 total 22 remain 22 wait 0
At time 10 process 2 started arr  10 total 28 remain 28 wait 0
At time 12 process 2 stopped arr  10 total 28 remain 26 wait 0
At time 12 process 3 started arr  10 total 22 remain 22 wait 2
At time 14 process 3 stopped arr  10 total 22 remain 20 wait 2
At time 14 process 2 resume arr  10 total 28 remain 26 wait 2
At time 14 process 4 arrived arr  14 total 12 remain 12 wait 0
At time 16 process 2 stopped arr  10 total 28 remain 24 wait 2
At time 16 process 3 resume arr  10 total 22 remain 20 wait 4
At time 18 process 3 stopped arr  10 total 22 remain 18 wait 4
At time 18 process 4 started arr  14 total 12 remain 12 wait 4
At time 18 process 5 arrived arr  18 total 9 remain 9 wait 0
At time 20 process 4 stopped arr  14 total 12 remain 10 wait 4
At time 20 process 2 resume arr  10 total 28 remain 24 wait 6
At time 22 process 2 stopped arr  10 total 28 remain 22 wait 6
At time 22 process 3 resume arr  10 total 22 remain 18 wait 8
At time 24 process 3 stopped arr  10 total 22 remain 16 wait 8
At time 24 process 5 started arr  18 total 9 remain 9 wait 6
At time 26 process 5 stopped arr  18 total 9 remain 7 wait 6
At time 26 process 4 resume arr  14 total 12 remain 10 wait 10
At time 28 process 4 stopped arr  14 total 12 remain 8 wait 10
At time 28 process 2 resume arr  10 total 28 remain 22 wait 12
At time 30 process 2 stopped arr  10 total 28 remain 20 wait 12
At time 30 process 3 resume arr  10 total 22 remain 16 wait 14
At time 32 process 3 stopped arr  10 total 22 remain 14 wait 14
At time 32 process 5 resume arr  18 total 9 remain 7 wait 12
At time 34 process 5 stopped arr  18 total 9 remain 5 wait 12
At time 34 process 4 resume arr  14 total 12 remain 8 wait 16
At time 36 process 4 stopped arr  14 total 12 remain 6 wait 16
At time 36 process 2 resume arr  10 total 28 remain 20 wait 18
At time 38 process 2 stopped arr  10 total 28 remain 18 wait 18
At time 38 process 3 resume arr  10 total 22 remain 14 wait 20
At time 40 process 3 stopped arr  10 total 22 remain 12 wait 20
At time 40 process 5 resume arr  18 total 9 remain 5 wait 18
At time 42 process 5 stopped arr  18 total 9 remain 3 wait 18
At time 42 process 4 resume arr  14 total 12 remain 6 wait 22
At time 44 process 4 stopped arr  14 total 12 remain 4 wait 22
At time 44 process 2 resume arr  10 total 28 remain 18 wait 24
At time 46 process 2 stopped arr  10 total 28 remain 16 wait 24
At time 46 process 3 resume arr  10 total 22 remain 12 wait 26
At time 48 process 3 stopped arr  10 total 22 remain 10 wait 26
At time 48 process 5 resume arr  18 total 9 remain 3 wait 24
At time 50 process 5 stopped arr  18 total 9 remain 1 wait 24
At time 50 process 4 resume arr  14 total 12 remain 4 wait 28
At time 52 process 4 stopped arr  14 total 12 remain 2 wait 28
At time 52 process 2 resume arr  10 total 28 remain 16 wait 30
At time 54 process 2 stopped arr  10 total 28 remain 14 wait 30
At time 54 process 3 resume arr  10 total 22 remain 10 wait 32
At time 56 process 3 stopped arr  10 total 22 remain 8 wait 32
At time 56 process 5 resume arr  18 total 9 remain 1 wait 30
At time 57 process 5 finished arr  18 total 9 remain 0 wait 30  TA 39 WTA 4.33
At time 57 process 4 resume arr  14 total 12 remain 2 wait 33
At time 59 process 4 finished arr  14 total 12 remain 0 wait 33  TA 45 WTA 3.75
At time 59 process 2 resume arr  10 total 28 remain 14 wait 35
At time 61 process 2 stopped arr  10 total 28 remain 12 wait 35
At time 61 process 3 resume arr  10 total 22 remain 8 wait 37
At time 63 process 3 stopped arr  10 total 22 remain 6 wait 37
At time 63 process 2 resume arr  10 total 28 remain 12 wait 37
At time 65 process 2 stopped arr  10 total 28 remain 10 wait 37
At time 65 process 3 resume arr  10 total 22 remain 6 wait 39
At time 67 process 3 stopped arr  10 total 22 remain 4 wait 39
At time 67 process 2 resume arr  10 total 28 remain 10 wait 39
At time 69 process 2 stopped arr  10 total 28 remain 8 wait 39
At time 69 process 3 resume arr  10 total 22 remain 4 wait 41
At time 71 process 3 stopped arr  10 total 22 remain 2 wait 41
At time 71 process 2 resume arr  10 total 28 remain 8 wait 41
At time 73 process 2 stopped arr  10 total 28 remain 6 wait 41
At time 73 process 3 resume arr  10 total 22 remain 2 wait 43
At time 75 process 3 finished arr  10 total 22 remain 0 wait 43  TA 65 WTA 2.95
At time 75 process 2 resume arr  10 total 28 remain 6 wait 43
At time 81 process 2 finished arr  10 total 28 remain 0 wait 43  TA 71 WTA 2.54
